{"C:\\Users\\nourk\\devops_nour\\my_app\\index.js": {"path":"C:\\Users\\nourk\\devops_nour\\my_app\\index.js","statementMap":{"0":{"start":{"line":1,"column":16},"end":{"line":1,"column":34}},"1":{"start":{"line":2,"column":12},"end":{"line":2,"column":21}},"2":{"start":{"line":3,"column":15},"end":{"line":3,"column":37}},"3":{"start":{"line":9,"column":4},"end":{"line":9,"column":47}},"4":{"start":{"line":11,"column":0},"end":{"line":11,"column":27}},"5":{"start":{"line":13,"column":19},"end":{"line":13,"column":59}},"6":{"start":{"line":14,"column":19},"end":{"line":14,"column":59}},"7":{"start":{"line":15,"column":20},"end":{"line":15,"column":61}},"8":{"start":{"line":16,"column":27},"end":{"line":16,"column":75}},"9":{"start":{"line":18,"column":13},"end":{"line":18,"column":28}},"10":{"start":{"line":20,"column":17},"end":{"line":20,"column":36}},"11":{"start":{"line":22,"column":13},"end":{"line":22,"column":17}},"12":{"start":{"line":23,"column":17},"end":{"line":23,"column":47}},"13":{"start":{"line":24,"column":14},"end":{"line":24,"column":72}},"14":{"start":{"line":26,"column":0},"end":{"line":31,"column":1}},"15":{"start":{"line":27,"column":2},"end":{"line":30,"column":69}},"16":{"start":{"line":29,"column":16},"end":{"line":29,"column":51}},"17":{"start":{"line":30,"column":20},"end":{"line":30,"column":67}},"18":{"start":{"line":32,"column":0},"end":{"line":32,"column":24}},"19":{"start":{"line":34,"column":0},"end":{"line":34,"column":33}},"20":{"start":{"line":35,"column":0},"end":{"line":35,"column":34}},"21":{"start":{"line":36,"column":0},"end":{"line":36,"column":36}},"22":{"start":{"line":37,"column":0},"end":{"line":37,"column":50}},"23":{"start":{"line":39,"column":24},"end":{"line":39,"column":63}},"24":{"start":{"line":40,"column":0},"end":{"line":40,"column":43}},"25":{"start":{"line":43,"column":0},"end":{"line":43,"column":31}},"26":{"start":{"line":46,"column":0},"end":{"line":49,"column":3}},"27":{"start":{"line":47,"column":2},"end":{"line":47,"column":55}},"28":{"start":{"line":48,"column":2},"end":{"line":48,"column":43}},"29":{"start":{"line":51,"column":21},"end":{"line":51,"column":51}},"30":{"start":{"line":53,"column":0},"end":{"line":59,"column":1}},"31":{"start":{"line":54,"column":2},"end":{"line":54,"column":40}},"32":{"start":{"line":56,"column":2},"end":{"line":58,"column":5}},"33":{"start":{"line":57,"column":4},"end":{"line":57,"column":55}},"34":{"start":{"line":61,"column":0},"end":{"line":65,"column":1}},"35":{"start":{"line":62,"column":2},"end":{"line":64,"column":5}},"36":{"start":{"line":63,"column":4},"end":{"line":63,"column":61}},"37":{"start":{"line":66,"column":0},"end":{"line":66,"column":21}}},"fnMap":{"0":{"name":"(anonymous_0)","decl":{"start":{"line":29,"column":10},"end":{"line":29,"column":11}},"loc":{"start":{"line":29,"column":16},"end":{"line":29,"column":51}},"line":29},"1":{"name":"(anonymous_1)","decl":{"start":{"line":30,"column":11},"end":{"line":30,"column":12}},"loc":{"start":{"line":30,"column":20},"end":{"line":30,"column":67}},"line":30},"2":{"name":"(anonymous_2)","decl":{"start":{"line":46,"column":20},"end":{"line":46,"column":21}},"loc":{"start":{"line":46,"column":41},"end":{"line":49,"column":1}},"line":46},"3":{"name":"(anonymous_3)","decl":{"start":{"line":56,"column":26},"end":{"line":56,"column":27}},"loc":{"start":{"line":56,"column":40},"end":{"line":58,"column":3}},"line":56},"4":{"name":"(anonymous_4)","decl":{"start":{"line":62,"column":19},"end":{"line":62,"column":20}},"loc":{"start":{"line":62,"column":25},"end":{"line":64,"column":3}},"line":62}},"branchMap":{"0":{"loc":{"start":{"line":26,"column":0},"end":{"line":31,"column":1}},"type":"if","locations":[{"start":{"line":26,"column":0},"end":{"line":31,"column":1}},{"start":{},"end":{}}],"line":26},"1":{"loc":{"start":{"line":53,"column":0},"end":{"line":59,"column":1}},"type":"if","locations":[{"start":{"line":53,"column":0},"end":{"line":59,"column":1}},{"start":{},"end":{}}],"line":53},"2":{"loc":{"start":{"line":61,"column":0},"end":{"line":65,"column":1}},"type":"if","locations":[{"start":{"line":61,"column":0},"end":{"line":65,"column":1}},{"start":{},"end":{}}],"line":61}},"s":{"0":4,"1":4,"2":4,"3":4,"4":4,"5":4,"6":4,"7":4,"8":4,"9":4,"10":4,"11":4,"12":4,"13":4,"14":4,"15":0,"16":0,"17":0,"18":4,"19":4,"20":4,"21":4,"22":4,"23":4,"24":4,"25":4,"26":4,"27":0,"28":0,"29":4,"30":4,"31":0,"32":0,"33":0,"34":4,"35":0,"36":0,"37":4},"f":{"0":0,"1":0,"2":0,"3":0,"4":0},"b":{"0":[0,4],"1":[0,4],"2":[0,4]},"_coverageSchema":"1a1c01bbd47fc00a2c39e90264f33305004495a9","hash":"e9014109af777c9c595f9f3d7887a8421958fd07"}
,"C:\\Users\\nourk\\devops_nour\\my_app\\dashboard\\controllers\\authController.js": {"path":"C:\\Users\\nourk\\devops_nour\\my_app\\dashboard\\controllers\\authController.js","statementMap":{"0":{"start":{"line":1,"column":19},"end":{"line":1,"column":49}},"1":{"start":{"line":2,"column":12},"end":{"line":2,"column":35}},"2":{"start":{"line":7,"column":4},"end":{"line":7,"column":38}},"3":{"start":{"line":9,"column":0},"end":{"line":37,"column":2}},"4":{"start":{"line":10,"column":2},"end":{"line":10,"column":22}},"5":{"start":{"line":12,"column":20},"end":{"line":12,"column":28}},"6":{"start":{"line":13,"column":2},"end":{"line":16,"column":3}},"7":{"start":{"line":14,"column":4},"end":{"line":14,"column":24}},"8":{"start":{"line":15,"column":4},"end":{"line":15,"column":64}},"9":{"start":{"line":18,"column":15},"end":{"line":18,"column":65}},"10":{"start":{"line":19,"column":2},"end":{"line":22,"column":3}},"11":{"start":{"line":20,"column":4},"end":{"line":20,"column":24}},"12":{"start":{"line":21,"column":4},"end":{"line":21,"column":60}},"13":{"start":{"line":24,"column":16},"end":{"line":32,"column":3}},"14":{"start":{"line":34,"column":2},"end":{"line":34,"column":23}},"15":{"start":{"line":36,"column":2},"end":{"line":36,"column":28}}},"fnMap":{"0":{"name":"(anonymous_0)","decl":{"start":{"line":9,"column":16},"end":{"line":9,"column":17}},"loc":{"start":{"line":9,"column":36},"end":{"line":37,"column":1}},"line":9}},"branchMap":{"0":{"loc":{"start":{"line":13,"column":2},"end":{"line":16,"column":3}},"type":"if","locations":[{"start":{"line":13,"column":2},"end":{"line":16,"column":3}},{"start":{},"end":{}}],"line":13},"1":{"loc":{"start":{"line":19,"column":2},"end":{"line":22,"column":3}},"type":"if","locations":[{"start":{"line":19,"column":2},"end":{"line":22,"column":3}},{"start":{},"end":{}}],"line":19}},"s":{"0":4,"1":4,"2":4,"3":4,"4":3,"5":3,"6":3,"7":1,"8":1,"9":2,"10":2,"11":1,"12":1,"13":1,"14":1,"15":1},"f":{"0":3},"b":{"0":[1,2],"1":[1,1]},"_coverageSchema":"1a1c01bbd47fc00a2c39e90264f33305004495a9","hash":"0f28712cde75a834611ce8fe70997da8c8a604e8"}
,"C:\\Users\\nourk\\devops_nour\\my_app\\dashboard\\controllers\\leaveController.js": {"path":"C:\\Users\\nourk\\devops_nour\\my_app\\dashboard\\controllers\\leaveController.js","statementMap":{"0":{"start":{"line":1,"column":19},"end":{"line":1,"column":49}},"1":{"start":{"line":5,"column":2},"end":{"line":12,"column":5}},"2":{"start":{"line":17,"column":2},"end":{"line":22,"column":5}},"3":{"start":{"line":26,"column":0},"end":{"line":92,"column":2}},"4":{"start":{"line":27,"column":31},"end":{"line":27,"column":39}},"5":{"start":{"line":29,"column":2},"end":{"line":91,"column":3}},"6":{"start":{"line":30,"column":19},"end":{"line":30,"column":21}},"7":{"start":{"line":32,"column":4},"end":{"line":85,"column":5}},"8":{"start":{"line":34,"column":6},"end":{"line":34,"column":76}},"9":{"start":{"line":35,"column":11},"end":{"line":85,"column":5}},"10":{"start":{"line":36,"column":6},"end":{"line":36,"column":62}},"11":{"start":{"line":37,"column":6},"end":{"line":37,"column":61}},"12":{"start":{"line":39,"column":6},"end":{"line":43,"column":9}},"13":{"start":{"line":40,"column":8},"end":{"line":42,"column":10}},"14":{"start":{"line":45,"column":6},"end":{"line":57,"column":9}},"15":{"start":{"line":58,"column":11},"end":{"line":85,"column":5}},"16":{"start":{"line":60,"column":33},"end":{"line":66,"column":8}},"17":{"start":{"line":68,"column":25},"end":{"line":68,"column":64}},"18":{"start":{"line":68,"column":57},"end":{"line":68,"column":63}},"19":{"start":{"line":70,"column":6},"end":{"line":82,"column":9}},"20":{"start":{"line":84,"column":6},"end":{"line":84,"column":66}},"21":{"start":{"line":87,"column":4},"end":{"line":87,"column":23}},"22":{"start":{"line":89,"column":4},"end":{"line":89,"column":59}},"23":{"start":{"line":90,"column":4},"end":{"line":90,"column":61}},"24":{"start":{"line":95,"column":0},"end":{"line":167,"column":2}},"25":{"start":{"line":96,"column":67},"end":{"line":96,"column":75}},"26":{"start":{"line":98,"column":2},"end":{"line":100,"column":3}},"27":{"start":{"line":99,"column":4},"end":{"line":99,"column":70}},"28":{"start":{"line":102,"column":2},"end":{"line":166,"column":3}},"29":{"start":{"line":103,"column":21},"end":{"line":115,"column":6}},"30":{"start":{"line":117,"column":4},"end":{"line":119,"column":5}},"31":{"start":{"line":118,"column":6},"end":{"line":118,"column":67}},"32":{"start":{"line":121,"column":4},"end":{"line":125,"column":5}},"33":{"start":{"line":122,"column":6},"end":{"line":124,"column":63}},"34":{"start":{"line":127,"column":4},"end":{"line":131,"column":5}},"35":{"start":{"line":128,"column":6},"end":{"line":130,"column":70}},"36":{"start":{"line":133,"column":21},"end":{"line":143,"column":6}},"37":{"start":{"line":145,"column":4},"end":{"line":150,"column":6}},"38":{"start":{"line":152,"column":4},"end":{"line":155,"column":6}},"39":{"start":{"line":157,"column":4},"end":{"line":160,"column":6}},"40":{"start":{"line":162,"column":4},"end":{"line":162,"column":35}},"41":{"start":{"line":164,"column":4},"end":{"line":164,"column":45}},"42":{"start":{"line":165,"column":4},"end":{"line":165,"column":70}},"43":{"start":{"line":170,"column":0},"end":{"line":220,"column":2}},"44":{"start":{"line":171,"column":17},"end":{"line":171,"column":27}},"45":{"start":{"line":172,"column":34},"end":{"line":172,"column":42}},"46":{"start":{"line":173,"column":21},"end":{"line":173,"column":32}},"47":{"start":{"line":175,"column":2},"end":{"line":177,"column":3}},"48":{"start":{"line":176,"column":4},"end":{"line":176,"column":61}},"49":{"start":{"line":179,"column":2},"end":{"line":219,"column":3}},"50":{"start":{"line":180,"column":18},"end":{"line":185,"column":6}},"51":{"start":{"line":187,"column":4},"end":{"line":189,"column":5}},"52":{"start":{"line":188,"column":6},"end":{"line":188,"column":72}},"53":{"start":{"line":192,"column":4},"end":{"line":196,"column":5}},"54":{"start":{"line":193,"column":6},"end":{"line":195,"column":64}},"55":{"start":{"line":198,"column":20},"end":{"line":207,"column":6}},"56":{"start":{"line":209,"column":4},"end":{"line":209,"column":75}},"57":{"start":{"line":210,"column":4},"end":{"line":213,"column":6}},"58":{"start":{"line":215,"column":4},"end":{"line":215,"column":22}},"59":{"start":{"line":217,"column":4},"end":{"line":217,"column":59}},"60":{"start":{"line":218,"column":4},"end":{"line":218,"column":70}},"61":{"start":{"line":223,"column":0},"end":{"line":264,"column":2}},"62":{"start":{"line":224,"column":33},"end":{"line":224,"column":43}},"63":{"start":{"line":225,"column":15},"end":{"line":225,"column":23}},"64":{"start":{"line":227,"column":2},"end":{"line":229,"column":3}},"65":{"start":{"line":228,"column":4},"end":{"line":228,"column":63}},"66":{"start":{"line":231,"column":2},"end":{"line":263,"column":3}},"67":{"start":{"line":232,"column":18},"end":{"line":234,"column":6}},"68":{"start":{"line":236,"column":4},"end":{"line":238,"column":5}},"69":{"start":{"line":237,"column":6},"end":{"line":237,"column":72}},"70":{"start":{"line":240,"column":23},"end":{"line":245,"column":6}},"71":{"start":{"line":247,"column":4},"end":{"line":252,"column":6}},"72":{"start":{"line":254,"column":4},"end":{"line":257,"column":6}},"73":{"start":{"line":259,"column":4},"end":{"line":259,"column":67}},"74":{"start":{"line":261,"column":4},"end":{"line":261,"column":56}},"75":{"start":{"line":262,"column":4},"end":{"line":262,"column":67}},"76":{"start":{"line":267,"column":0},"end":{"line":284,"column":2}},"77":{"start":{"line":268,"column":2},"end":{"line":283,"column":3}},"78":{"start":{"line":269,"column":17},"end":{"line":277,"column":6}},"79":{"start":{"line":279,"column":4},"end":{"line":279,"column":19}},"80":{"start":{"line":281,"column":4},"end":{"line":281,"column":55}},"81":{"start":{"line":282,"column":4},"end":{"line":282,"column":66}}},"fnMap":{"0":{"name":"logAction","decl":{"start":{"line":4,"column":15},"end":{"line":4,"column":24}},"loc":{"start":{"line":4,"column":60},"end":{"line":13,"column":1}},"line":4},"1":{"name":"createNotification","decl":{"start":{"line":16,"column":15},"end":{"line":16,"column":33}},"loc":{"start":{"line":16,"column":51},"end":{"line":23,"column":1}},"line":16},"2":{"name":"(anonymous_2)","decl":{"start":{"line":26,"column":30},"end":{"line":26,"column":31}},"loc":{"start":{"line":26,"column":50},"end":{"line":92,"column":1}},"line":26},"3":{"name":"(anonymous_3)","decl":{"start":{"line":39,"column":23},"end":{"line":39,"column":24}},"loc":{"start":{"line":39,"column":30},"end":{"line":43,"column":7}},"line":39},"4":{"name":"(anonymous_4)","decl":{"start":{"line":68,"column":48},"end":{"line":68,"column":49}},"loc":{"start":{"line":68,"column":57},"end":{"line":68,"column":63}},"line":68},"5":{"name":"(anonymous_5)","decl":{"start":{"line":95,"column":29},"end":{"line":95,"column":30}},"loc":{"start":{"line":95,"column":49},"end":{"line":167,"column":1}},"line":95},"6":{"name":"(anonymous_6)","decl":{"start":{"line":170,"column":29},"end":{"line":170,"column":30}},"loc":{"start":{"line":170,"column":49},"end":{"line":220,"column":1}},"line":170},"7":{"name":"(anonymous_7)","decl":{"start":{"line":223,"column":27},"end":{"line":223,"column":28}},"loc":{"start":{"line":223,"column":47},"end":{"line":264,"column":1}},"line":223},"8":{"name":"(anonymous_8)","decl":{"start":{"line":267,"column":23},"end":{"line":267,"column":24}},"loc":{"start":{"line":267,"column":44},"end":{"line":284,"column":1}},"line":267}},"branchMap":{"0":{"loc":{"start":{"line":32,"column":4},"end":{"line":85,"column":5}},"type":"if","locations":[{"start":{"line":32,"column":4},"end":{"line":85,"column":5}},{"start":{"line":35,"column":11},"end":{"line":85,"column":5}}],"line":32},"1":{"loc":{"start":{"line":35,"column":11},"end":{"line":85,"column":5}},"type":"if","locations":[{"start":{"line":35,"column":11},"end":{"line":85,"column":5}},{"start":{"line":58,"column":11},"end":{"line":85,"column":5}}],"line":35},"2":{"loc":{"start":{"line":58,"column":11},"end":{"line":85,"column":5}},"type":"if","locations":[{"start":{"line":58,"column":11},"end":{"line":85,"column":5}},{"start":{"line":83,"column":11},"end":{"line":85,"column":5}}],"line":58},"3":{"loc":{"start":{"line":98,"column":2},"end":{"line":100,"column":3}},"type":"if","locations":[{"start":{"line":98,"column":2},"end":{"line":100,"column":3}},{"start":{},"end":{}}],"line":98},"4":{"loc":{"start":{"line":98,"column":6},"end":{"line":98,"column":71}},"type":"binary-expr","locations":[{"start":{"line":98,"column":6},"end":{"line":98,"column":17}},{"start":{"line":98,"column":21},"end":{"line":98,"column":34}},{"start":{"line":98,"column":38},"end":{"line":98,"column":48}},{"start":{"line":98,"column":52},"end":{"line":98,"column":60}},{"start":{"line":98,"column":64},"end":{"line":98,"column":71}}],"line":98},"5":{"loc":{"start":{"line":117,"column":4},"end":{"line":119,"column":5}},"type":"if","locations":[{"start":{"line":117,"column":4},"end":{"line":119,"column":5}},{"start":{},"end":{}}],"line":117},"6":{"loc":{"start":{"line":121,"column":4},"end":{"line":125,"column":5}},"type":"if","locations":[{"start":{"line":121,"column":4},"end":{"line":125,"column":5}},{"start":{},"end":{}}],"line":121},"7":{"loc":{"start":{"line":127,"column":4},"end":{"line":131,"column":5}},"type":"if","locations":[{"start":{"line":127,"column":4},"end":{"line":131,"column":5}},{"start":{},"end":{}}],"line":127},"8":{"loc":{"start":{"line":175,"column":2},"end":{"line":177,"column":3}},"type":"if","locations":[{"start":{"line":175,"column":2},"end":{"line":177,"column":3}},{"start":{},"end":{}}],"line":175},"9":{"loc":{"start":{"line":187,"column":4},"end":{"line":189,"column":5}},"type":"if","locations":[{"start":{"line":187,"column":4},"end":{"line":189,"column":5}},{"start":{},"end":{}}],"line":187},"10":{"loc":{"start":{"line":192,"column":4},"end":{"line":196,"column":5}},"type":"if","locations":[{"start":{"line":192,"column":4},"end":{"line":196,"column":5}},{"start":{},"end":{}}],"line":192},"11":{"loc":{"start":{"line":227,"column":2},"end":{"line":229,"column":3}},"type":"if","locations":[{"start":{"line":227,"column":2},"end":{"line":229,"column":3}},{"start":{},"end":{}}],"line":227},"12":{"loc":{"start":{"line":236,"column":4},"end":{"line":238,"column":5}},"type":"if","locations":[{"start":{"line":236,"column":4},"end":{"line":238,"column":5}},{"start":{},"end":{}}],"line":236}},"s":{"0":4,"1":2,"2":3,"3":4,"4":1,"5":1,"6":1,"7":1,"8":0,"9":1,"10":1,"11":1,"12":1,"13":0,"14":1,"15":0,"16":0,"17":0,"18":0,"19":0,"20":0,"21":1,"22":0,"23":0,"24":4,"25":2,"26":2,"27":1,"28":1,"29":1,"30":1,"31":0,"32":1,"33":0,"34":1,"35":0,"36":1,"37":1,"38":1,"39":1,"40":1,"41":0,"42":0,"43":4,"44":2,"45":2,"46":2,"47":2,"48":1,"49":1,"50":1,"51":1,"52":0,"53":1,"54":0,"55":1,"56":1,"57":1,"58":1,"59":0,"60":0,"61":4,"62":0,"63":0,"64":0,"65":0,"66":0,"67":0,"68":0,"69":0,"70":0,"71":0,"72":0,"73":0,"74":0,"75":0,"76":4,"77":0,"78":0,"79":0,"80":0,"81":0},"f":{"0":2,"1":3,"2":1,"3":0,"4":0,"5":2,"6":2,"7":0,"8":0},"b":{"0":[0,1],"1":[1,0],"2":[0,0],"3":[1,1],"4":[2,1,1,1,1],"5":[0,1],"6":[0,1],"7":[0,1],"8":[1,1],"9":[0,1],"10":[0,1],"11":[0,0],"12":[0,0]},"_coverageSchema":"1a1c01bbd47fc00a2c39e90264f33305004495a9","hash":"26bdd0c4585bd49676f511b40a2c0fd9362f0978"}
,"C:\\Users\\nourk\\devops_nour\\my_app\\dashboard\\controllers\\notificationController.js": {"path":"C:\\Users\\nourk\\devops_nour\\my_app\\dashboard\\controllers\\notificationController.js","statementMap":{"0":{"start":{"line":1,"column":19},"end":{"line":1,"column":49}},"1":{"start":{"line":3,"column":0},"end":{"line":10,"column":2}},"2":{"start":{"line":4,"column":21},"end":{"line":4,"column":31}},"3":{"start":{"line":5,"column":24},"end":{"line":8,"column":4}},"4":{"start":{"line":9,"column":2},"end":{"line":9,"column":26}},"5":{"start":{"line":12,"column":0},"end":{"line":19,"column":2}},"6":{"start":{"line":13,"column":17},"end":{"line":13,"column":27}},"7":{"start":{"line":14,"column":18},"end":{"line":17,"column":4}},"8":{"start":{"line":18,"column":2},"end":{"line":18,"column":20}}},"fnMap":{"0":{"name":"(anonymous_0)","decl":{"start":{"line":3,"column":31},"end":{"line":3,"column":32}},"loc":{"start":{"line":3,"column":51},"end":{"line":10,"column":1}},"line":3},"1":{"name":"(anonymous_1)","decl":{"start":{"line":12,"column":21},"end":{"line":12,"column":22}},"loc":{"start":{"line":12,"column":41},"end":{"line":19,"column":1}},"line":12}},"branchMap":{},"s":{"0":4,"1":4,"2":0,"3":0,"4":0,"5":4,"6":0,"7":0,"8":0},"f":{"0":0,"1":0},"b":{},"_coverageSchema":"1a1c01bbd47fc00a2c39e90264f33305004495a9","hash":"9997e2e1958b12866c7409da3637e805c6ba5dba"}
,"C:\\Users\\nourk\\devops_nour\\my_app\\dashboard\\controllers\\userController.js": {"path":"C:\\Users\\nourk\\devops_nour\\my_app\\dashboard\\controllers\\userController.js","statementMap":{"0":{"start":{"line":1,"column":19},"end":{"line":1,"column":49}},"1":{"start":{"line":3,"column":0},"end":{"line":6,"column":2}},"2":{"start":{"line":4,"column":16},"end":{"line":4,"column":44}},"3":{"start":{"line":5,"column":2},"end":{"line":5,"column":18}},"4":{"start":{"line":8,"column":0},"end":{"line":13,"column":2}},"5":{"start":{"line":9,"column":17},"end":{"line":9,"column":27}},"6":{"start":{"line":10,"column":15},"end":{"line":10,"column":62}},"7":{"start":{"line":11,"column":2},"end":{"line":11,"column":70}},"8":{"start":{"line":11,"column":13},"end":{"line":11,"column":70}},"9":{"start":{"line":12,"column":2},"end":{"line":12,"column":17}}},"fnMap":{"0":{"name":"(anonymous_0)","decl":{"start":{"line":3,"column":22},"end":{"line":3,"column":23}},"loc":{"start":{"line":3,"column":42},"end":{"line":6,"column":1}},"line":3},"1":{"name":"(anonymous_1)","decl":{"start":{"line":8,"column":22},"end":{"line":8,"column":23}},"loc":{"start":{"line":8,"column":42},"end":{"line":13,"column":1}},"line":8}},"branchMap":{"0":{"loc":{"start":{"line":11,"column":2},"end":{"line":11,"column":70}},"type":"if","locations":[{"start":{"line":11,"column":2},"end":{"line":11,"column":70}},{"start":{},"end":{}}],"line":11}},"s":{"0":4,"1":4,"2":1,"3":1,"4":4,"5":2,"6":2,"7":2,"8":1,"9":1},"f":{"0":1,"1":2},"b":{"0":[1,1]},"_coverageSchema":"1a1c01bbd47fc00a2c39e90264f33305004495a9","hash":"2af839fa108aa4e57bf3d5044c248437b6f46e0a"}
,"C:\\Users\\nourk\\devops_nour\\my_app\\dashboard\\metrics\\loginMetrics.js": {"path":"C:\\Users\\nourk\\devops_nour\\my_app\\dashboard\\metrics\\loginMetrics.js","statementMap":{"0":{"start":{"line":2,"column":15},"end":{"line":2,"column":37}},"1":{"start":{"line":4,"column":22},"end":{"line":7,"column":2}},"2":{"start":{"line":9,"column":22},"end":{"line":12,"column":2}},"3":{"start":{"line":14,"column":23},"end":{"line":17,"column":2}},"4":{"start":{"line":19,"column":0},"end":{"line":23,"column":2}}},"fnMap":{},"branchMap":{},"s":{"0":4,"1":4,"2":4,"3":4,"4":4},"f":{},"b":{},"_coverageSchema":"1a1c01bbd47fc00a2c39e90264f33305004495a9","hash":"fe89bf256ba166017c441d812fcccee8a6dcbbc5"}
,"C:\\Users\\nourk\\devops_nour\\my_app\\dashboard\\middleware\\authMiddleware.js": {"path":"C:\\Users\\nourk\\devops_nour\\my_app\\dashboard\\middleware\\authMiddleware.js","statementMap":{"0":{"start":{"line":1,"column":12},"end":{"line":1,"column":35}},"1":{"start":{"line":3,"column":21},"end":{"line":15,"column":1}},"2":{"start":{"line":4,"column":21},"end":{"line":4,"column":46}},"3":{"start":{"line":5,"column":2},"end":{"line":5,"column":75}},"4":{"start":{"line":5,"column":19},"end":{"line":5,"column":75}},"5":{"start":{"line":7,"column":16},"end":{"line":7,"column":40}},"6":{"start":{"line":8,"column":2},"end":{"line":14,"column":3}},"7":{"start":{"line":9,"column":20},"end":{"line":9,"column":61}},"8":{"start":{"line":10,"column":4},"end":{"line":10,"column":23}},"9":{"start":{"line":11,"column":4},"end":{"line":11,"column":11}},"10":{"start":{"line":13,"column":4},"end":{"line":13,"column":53}},"11":{"start":{"line":17,"column":18},"end":{"line":22,"column":1}},"12":{"start":{"line":17,"column":29},"end":{"line":22,"column":1}},"13":{"start":{"line":18,"column":2},"end":{"line":20,"column":3}},"14":{"start":{"line":19,"column":4},"end":{"line":19,"column":60}},"15":{"start":{"line":21,"column":2},"end":{"line":21,"column":9}},"16":{"start":{"line":24,"column":0},"end":{"line":24,"column":45}}},"fnMap":{"0":{"name":"(anonymous_0)","decl":{"start":{"line":3,"column":21},"end":{"line":3,"column":22}},"loc":{"start":{"line":3,"column":41},"end":{"line":15,"column":1}},"line":3},"1":{"name":"(anonymous_1)","decl":{"start":{"line":17,"column":18},"end":{"line":17,"column":19}},"loc":{"start":{"line":17,"column":29},"end":{"line":22,"column":1}},"line":17},"2":{"name":"(anonymous_2)","decl":{"start":{"line":17,"column":29},"end":{"line":17,"column":30}},"loc":{"start":{"line":17,"column":49},"end":{"line":22,"column":1}},"line":17}},"branchMap":{"0":{"loc":{"start":{"line":5,"column":2},"end":{"line":5,"column":75}},"type":"if","locations":[{"start":{"line":5,"column":2},"end":{"line":5,"column":75}},{"start":{},"end":{}}],"line":5},"1":{"loc":{"start":{"line":18,"column":2},"end":{"line":20,"column":3}},"type":"if","locations":[{"start":{"line":18,"column":2},"end":{"line":20,"column":3}},{"start":{},"end":{}}],"line":18}},"s":{"0":3,"1":3,"2":4,"3":4,"4":1,"5":3,"6":3,"7":3,"8":2,"9":2,"10":1,"11":3,"12":6,"13":2,"14":1,"15":1,"16":3},"f":{"0":4,"1":6,"2":2},"b":{"0":[1,3],"1":[1,1]},"_coverageSchema":"1a1c01bbd47fc00a2c39e90264f33305004495a9","hash":"a21051309f72ee1bda85c30398e550518a7350e0"}
,"C:\\Users\\nourk\\devops_nour\\my_app\\dashboard\\middleware\\upload.js": {"path":"C:\\Users\\nourk\\devops_nour\\my_app\\dashboard\\middleware\\upload.js","statementMap":{"0":{"start":{"line":1,"column":15},"end":{"line":1,"column":32}},"1":{"start":{"line":2,"column":13},"end":{"line":2,"column":28}},"2":{"start":{"line":4,"column":16},"end":{"line":12,"column":2}},"3":{"start":{"line":6,"column":4},"end":{"line":6,"column":25}},"4":{"start":{"line":9,"column":23},"end":{"line":9,"column":59}},"5":{"start":{"line":10,"column":4},"end":{"line":10,"column":25}},"6":{"start":{"line":14,"column":15},"end":{"line":14,"column":34}},"7":{"start":{"line":15,"column":0},"end":{"line":15,"column":24}}},"fnMap":{"0":{"name":"(anonymous_0)","decl":{"start":{"line":5,"column":15},"end":{"line":5,"column":16}},"loc":{"start":{"line":5,"column":42},"end":{"line":7,"column":3}},"line":5},"1":{"name":"(anonymous_1)","decl":{"start":{"line":8,"column":12},"end":{"line":8,"column":13}},"loc":{"start":{"line":8,"column":38},"end":{"line":11,"column":3}},"line":8}},"branchMap":{},"s":{"0":4,"1":4,"2":4,"3":0,"4":0,"5":0,"6":4,"7":4},"f":{"0":0,"1":0},"b":{},"_coverageSchema":"1a1c01bbd47fc00a2c39e90264f33305004495a9","hash":"9ba63580996cac991fc62ff9d3c7d688e6fc688e"}
,"C:\\Users\\nourk\\devops_nour\\my_app\\dashboard\\routes\\authRoutes.js": {"path":"C:\\Users\\nourk\\devops_nour\\my_app\\dashboard\\routes\\authRoutes.js","statementMap":{"0":{"start":{"line":1,"column":16},"end":{"line":1,"column":34}},"1":{"start":{"line":2,"column":18},"end":{"line":2,"column":58}},"2":{"start":{"line":4,"column":15},"end":{"line":4,"column":31}},"3":{"start":{"line":6,"column":0},"end":{"line":6,"column":29}},"4":{"start":{"line":8,"column":0},"end":{"line":8,"column":24}}},"fnMap":{},"branchMap":{},"s":{"0":4,"1":4,"2":4,"3":4,"4":4},"f":{},"b":{},"_coverageSchema":"1a1c01bbd47fc00a2c39e90264f33305004495a9","hash":"6b3d5e58f9e328df2f153211a698d43d5ccc7a50"}
,"C:\\Users\\nourk\\devops_nour\\my_app\\dashboard\\routes\\leaveRoutes.js": {"path":"C:\\Users\\nourk\\devops_nour\\my_app\\dashboard\\routes\\leaveRoutes.js","statementMap":{"0":{"start":{"line":1,"column":16},"end":{"line":1,"column":34}},"1":{"start":{"line":8,"column":4},"end":{"line":8,"column":45}},"2":{"start":{"line":10,"column":36},"end":{"line":10,"column":75}},"3":{"start":{"line":12,"column":15},"end":{"line":12,"column":46}},"4":{"start":{"line":14,"column":15},"end":{"line":14,"column":31}},"5":{"start":{"line":16,"column":0},"end":{"line":16,"column":51}},"6":{"start":{"line":17,"column":0},"end":{"line":17,"column":51}},"7":{"start":{"line":18,"column":0},"end":{"line":18,"column":62}},"8":{"start":{"line":19,"column":0},"end":{"line":24,"column":2}},"9":{"start":{"line":25,"column":0},"end":{"line":25,"column":78}},"10":{"start":{"line":27,"column":0},"end":{"line":27,"column":24}}},"fnMap":{},"branchMap":{},"s":{"0":4,"1":4,"2":4,"3":4,"4":4,"5":4,"6":4,"7":4,"8":4,"9":4,"10":4},"f":{},"b":{},"_coverageSchema":"1a1c01bbd47fc00a2c39e90264f33305004495a9","hash":"f159a1327952a6426251683f9929e9ecc23a1918"}
,"C:\\Users\\nourk\\devops_nour\\my_app\\dashboard\\routes\\notificationRoutes.js": {"path":"C:\\Users\\nourk\\devops_nour\\my_app\\dashboard\\routes\\notificationRoutes.js","statementMap":{"0":{"start":{"line":1,"column":16},"end":{"line":1,"column":34}},"1":{"start":{"line":5,"column":4},"end":{"line":5,"column":52}},"2":{"start":{"line":7,"column":15},"end":{"line":7,"column":31}},"3":{"start":{"line":9,"column":0},"end":{"line":9,"column":45}},"4":{"start":{"line":10,"column":0},"end":{"line":10,"column":38}},"5":{"start":{"line":12,"column":0},"end":{"line":12,"column":24}}},"fnMap":{},"branchMap":{},"s":{"0":4,"1":4,"2":4,"3":4,"4":4,"5":4},"f":{},"b":{},"_coverageSchema":"1a1c01bbd47fc00a2c39e90264f33305004495a9","hash":"91e815938d076c4876ad05e3c54280409664bbc9"}
,"C:\\Users\\nourk\\devops_nour\\my_app\\dashboard\\routes\\protected.js": {"path":"C:\\Users\\nourk\\devops_nour\\my_app\\dashboard\\routes\\protected.js","statementMap":{"0":{"start":{"line":1,"column":16},"end":{"line":1,"column":34}},"1":{"start":{"line":2,"column":36},"end":{"line":2,"column":75}},"2":{"start":{"line":4,"column":15},"end":{"line":4,"column":31}},"3":{"start":{"line":6,"column":0},"end":{"line":8,"column":3}},"4":{"start":{"line":7,"column":2},"end":{"line":7,"column":52}},"5":{"start":{"line":10,"column":0},"end":{"line":10,"column":24}}},"fnMap":{"0":{"name":"(anonymous_0)","decl":{"start":{"line":6,"column":62},"end":{"line":6,"column":63}},"loc":{"start":{"line":6,"column":76},"end":{"line":8,"column":1}},"line":6}},"branchMap":{},"s":{"0":4,"1":4,"2":4,"3":4,"4":1,"5":4},"f":{"0":1},"b":{},"_coverageSchema":"1a1c01bbd47fc00a2c39e90264f33305004495a9","hash":"97483f674c2216b3420436d47564383bab870e07"}
,"C:\\Users\\nourk\\devops_nour\\my_app\\dashboard\\routes\\userRoutes.js": {"path":"C:\\Users\\nourk\\devops_nour\\my_app\\dashboard\\routes\\userRoutes.js","statementMap":{"0":{"start":{"line":1,"column":16},"end":{"line":1,"column":34}},"1":{"start":{"line":2,"column":37},"end":{"line":2,"column":77}},"2":{"start":{"line":4,"column":15},"end":{"line":4,"column":31}},"3":{"start":{"line":6,"column":0},"end":{"line":6,"column":29}},"4":{"start":{"line":7,"column":0},"end":{"line":7,"column":32}},"5":{"start":{"line":9,"column":0},"end":{"line":9,"column":24}}},"fnMap":{},"branchMap":{},"s":{"0":4,"1":4,"2":4,"3":4,"4":4,"5":4},"f":{},"b":{},"_coverageSchema":"1a1c01bbd47fc00a2c39e90264f33305004495a9","hash":"0910cef880d16ba84dbb49591379a2a986ad58cd"}
,"C:\\Users\\nourk\\devops_nour\\my_app\\prisma\\prisma.js": {"path":"C:\\Users\\nourk\\devops_nour\\my_app\\prisma\\prisma.js","statementMap":{"0":{"start":{"line":1,"column":25},"end":{"line":1,"column":50}},"1":{"start":{"line":3,"column":15},"end":{"line":3,"column":33}},"2":{"start":{"line":5,"column":0},"end":{"line":5,"column":28}}},"fnMap":{},"branchMap":{},"s":{"0":1,"1":1,"2":1},"f":{},"b":{},"_coverageSchema":"1a1c01bbd47fc00a2c39e90264f33305004495a9","hash":"01505ed3e0d09f4f1f244a33bf9e37df47bee9ba"}
}
