{"C:\\Users\\nourk\\devops_nour\\my_app\\index.js": {"path":"C:\\Users\\nourk\\devops_nour\\my_app\\index.js","statementMap":{"0":{"start":{"line":1,"column":16},"end":{"line":1,"column":34}},"1":{"start":{"line":2,"column":12},"end":{"line":2,"column":21}},"2":{"start":{"line":4,"column":0},"end":{"line":4,"column":27}},"3":{"start":{"line":6,"column":19},"end":{"line":6,"column":59}},"4":{"start":{"line":7,"column":19},"end":{"line":7,"column":59}},"5":{"start":{"line":8,"column":20},"end":{"line":8,"column":61}},"6":{"start":{"line":9,"column":27},"end":{"line":9,"column":75}},"7":{"start":{"line":11,"column":13},"end":{"line":11,"column":28}},"8":{"start":{"line":13,"column":17},"end":{"line":13,"column":36}},"9":{"start":{"line":15,"column":13},"end":{"line":15,"column":17}},"10":{"start":{"line":16,"column":17},"end":{"line":16,"column":47}},"11":{"start":{"line":17,"column":14},"end":{"line":17,"column":72}},"12":{"start":{"line":19,"column":0},"end":{"line":24,"column":1}},"13":{"start":{"line":20,"column":2},"end":{"line":23,"column":69}},"14":{"start":{"line":22,"column":16},"end":{"line":22,"column":51}},"15":{"start":{"line":23,"column":20},"end":{"line":23,"column":67}},"16":{"start":{"line":25,"column":0},"end":{"line":25,"column":24}},"17":{"start":{"line":27,"column":0},"end":{"line":27,"column":33}},"18":{"start":{"line":28,"column":0},"end":{"line":28,"column":34}},"19":{"start":{"line":29,"column":0},"end":{"line":29,"column":36}},"20":{"start":{"line":30,"column":0},"end":{"line":30,"column":50}},"21":{"start":{"line":32,"column":21},"end":{"line":32,"column":51}},"22":{"start":{"line":34,"column":0},"end":{"line":40,"column":1}},"23":{"start":{"line":35,"column":2},"end":{"line":35,"column":40}},"24":{"start":{"line":37,"column":2},"end":{"line":39,"column":5}},"25":{"start":{"line":38,"column":4},"end":{"line":38,"column":55}},"26":{"start":{"line":42,"column":0},"end":{"line":46,"column":1}},"27":{"start":{"line":43,"column":2},"end":{"line":45,"column":5}},"28":{"start":{"line":44,"column":4},"end":{"line":44,"column":61}},"29":{"start":{"line":47,"column":0},"end":{"line":47,"column":21}}},"fnMap":{"0":{"name":"(anonymous_0)","decl":{"start":{"line":22,"column":10},"end":{"line":22,"column":11}},"loc":{"start":{"line":22,"column":16},"end":{"line":22,"column":51}},"line":22},"1":{"name":"(anonymous_1)","decl":{"start":{"line":23,"column":11},"end":{"line":23,"column":12}},"loc":{"start":{"line":23,"column":20},"end":{"line":23,"column":67}},"line":23},"2":{"name":"(anonymous_2)","decl":{"start":{"line":37,"column":26},"end":{"line":37,"column":27}},"loc":{"start":{"line":37,"column":40},"end":{"line":39,"column":3}},"line":37},"3":{"name":"(anonymous_3)","decl":{"start":{"line":43,"column":19},"end":{"line":43,"column":20}},"loc":{"start":{"line":43,"column":25},"end":{"line":45,"column":3}},"line":43}},"branchMap":{"0":{"loc":{"start":{"line":19,"column":0},"end":{"line":24,"column":1}},"type":"if","locations":[{"start":{"line":19,"column":0},"end":{"line":24,"column":1}},{"start":{},"end":{}}],"line":19},"1":{"loc":{"start":{"line":34,"column":0},"end":{"line":40,"column":1}},"type":"if","locations":[{"start":{"line":34,"column":0},"end":{"line":40,"column":1}},{"start":{},"end":{}}],"line":34},"2":{"loc":{"start":{"line":42,"column":0},"end":{"line":46,"column":1}},"type":"if","locations":[{"start":{"line":42,"column":0},"end":{"line":46,"column":1}},{"start":{},"end":{}}],"line":42}},"s":{"0":1,"1":1,"2":1,"3":1,"4":1,"5":1,"6":1,"7":1,"8":1,"9":1,"10":1,"11":1,"12":1,"13":0,"14":0,"15":0,"16":1,"17":1,"18":1,"19":1,"20":1,"21":1,"22":1,"23":0,"24":0,"25":0,"26":1,"27":0,"28":0,"29":1},"f":{"0":0,"1":0,"2":0,"3":0},"b":{"0":[0,1],"1":[0,1],"2":[0,1]},"_coverageSchema":"1a1c01bbd47fc00a2c39e90264f33305004495a9","hash":"4581b87881b1343a59bd1ea7e771df2f1a38cc67"}
,"C:\\Users\\nourk\\devops_nour\\my_app\\dashboard\\controllers\\authController.js": {"path":"C:\\Users\\nourk\\devops_nour\\my_app\\dashboard\\controllers\\authController.js","statementMap":{"0":{"start":{"line":1,"column":19},"end":{"line":1,"column":49}},"1":{"start":{"line":2,"column":12},"end":{"line":2,"column":35}},"2":{"start":{"line":4,"column":0},"end":{"line":17,"column":2}},"3":{"start":{"line":5,"column":20},"end":{"line":5,"column":28}},"4":{"start":{"line":7,"column":15},"end":{"line":7,"column":65}},"5":{"start":{"line":8,"column":2},"end":{"line":8,"column":69}},"6":{"start":{"line":8,"column":13},"end":{"line":8,"column":69}},"7":{"start":{"line":10,"column":16},"end":{"line":14,"column":3}},"8":{"start":{"line":16,"column":2},"end":{"line":16,"column":28}}},"fnMap":{"0":{"name":"(anonymous_0)","decl":{"start":{"line":4,"column":16},"end":{"line":4,"column":17}},"loc":{"start":{"line":4,"column":36},"end":{"line":17,"column":1}},"line":4}},"branchMap":{"0":{"loc":{"start":{"line":8,"column":2},"end":{"line":8,"column":69}},"type":"if","locations":[{"start":{"line":8,"column":2},"end":{"line":8,"column":69}},{"start":{},"end":{}}],"line":8}},"s":{"0":1,"1":1,"2":1,"3":0,"4":0,"5":0,"6":0,"7":0,"8":0},"f":{"0":0},"b":{"0":[0,0]},"_coverageSchema":"1a1c01bbd47fc00a2c39e90264f33305004495a9","hash":"cb6944491cbd7431deb6c287a613f566683ad418"}
,"C:\\Users\\nourk\\devops_nour\\my_app\\dashboard\\controllers\\leaveController.js": {"path":"C:\\Users\\nourk\\devops_nour\\my_app\\dashboard\\controllers\\leaveController.js","statementMap":{"0":{"start":{"line":1,"column":19},"end":{"line":1,"column":49}},"1":{"start":{"line":3,"column":0},"end":{"line":11,"column":2}},"2":{"start":{"line":4,"column":19},"end":{"line":9,"column":4}},"3":{"start":{"line":10,"column":2},"end":{"line":10,"column":21}},"4":{"start":{"line":13,"column":0},"end":{"line":27,"column":2}},"5":{"start":{"line":14,"column":67},"end":{"line":14,"column":75}},"6":{"start":{"line":16,"column":19},"end":{"line":24,"column":4}},"7":{"start":{"line":26,"column":2},"end":{"line":26,"column":33}},"8":{"start":{"line":29,"column":0},"end":{"line":49,"column":2}},"9":{"start":{"line":30,"column":17},"end":{"line":30,"column":27}},"10":{"start":{"line":31,"column":64},"end":{"line":31,"column":72}},"11":{"start":{"line":33,"column":2},"end":{"line":35,"column":3}},"12":{"start":{"line":34,"column":4},"end":{"line":34,"column":61}},"13":{"start":{"line":37,"column":18},"end":{"line":46,"column":4}},"14":{"start":{"line":48,"column":2},"end":{"line":48,"column":20}}},"fnMap":{"0":{"name":"(anonymous_0)","decl":{"start":{"line":3,"column":30},"end":{"line":3,"column":31}},"loc":{"start":{"line":3,"column":51},"end":{"line":11,"column":1}},"line":3},"1":{"name":"(anonymous_1)","decl":{"start":{"line":13,"column":29},"end":{"line":13,"column":30}},"loc":{"start":{"line":13,"column":49},"end":{"line":27,"column":1}},"line":13},"2":{"name":"(anonymous_2)","decl":{"start":{"line":29,"column":29},"end":{"line":29,"column":30}},"loc":{"start":{"line":29,"column":49},"end":{"line":49,"column":1}},"line":29}},"branchMap":{"0":{"loc":{"start":{"line":33,"column":2},"end":{"line":35,"column":3}},"type":"if","locations":[{"start":{"line":33,"column":2},"end":{"line":35,"column":3}},{"start":{},"end":{}}],"line":33}},"s":{"0":1,"1":1,"2":0,"3":0,"4":1,"5":0,"6":0,"7":0,"8":1,"9":0,"10":0,"11":0,"12":0,"13":0,"14":0},"f":{"0":0,"1":0,"2":0},"b":{"0":[0,0]},"_coverageSchema":"1a1c01bbd47fc00a2c39e90264f33305004495a9","hash":"1cfa3da6c910cea6edf02cdecdd1d2a41c17c4e1"}
,"C:\\Users\\nourk\\devops_nour\\my_app\\dashboard\\controllers\\notificationController.js": {"path":"C:\\Users\\nourk\\devops_nour\\my_app\\dashboard\\controllers\\notificationController.js","statementMap":{"0":{"start":{"line":1,"column":19},"end":{"line":1,"column":49}},"1":{"start":{"line":3,"column":0},"end":{"line":10,"column":2}},"2":{"start":{"line":4,"column":21},"end":{"line":4,"column":31}},"3":{"start":{"line":5,"column":24},"end":{"line":8,"column":4}},"4":{"start":{"line":9,"column":2},"end":{"line":9,"column":26}},"5":{"start":{"line":12,"column":0},"end":{"line":19,"column":2}},"6":{"start":{"line":13,"column":17},"end":{"line":13,"column":27}},"7":{"start":{"line":14,"column":18},"end":{"line":17,"column":4}},"8":{"start":{"line":18,"column":2},"end":{"line":18,"column":20}}},"fnMap":{"0":{"name":"(anonymous_0)","decl":{"start":{"line":3,"column":31},"end":{"line":3,"column":32}},"loc":{"start":{"line":3,"column":51},"end":{"line":10,"column":1}},"line":3},"1":{"name":"(anonymous_1)","decl":{"start":{"line":12,"column":21},"end":{"line":12,"column":22}},"loc":{"start":{"line":12,"column":41},"end":{"line":19,"column":1}},"line":12}},"branchMap":{},"s":{"0":1,"1":1,"2":0,"3":0,"4":0,"5":1,"6":0,"7":0,"8":0},"f":{"0":0,"1":0},"b":{},"_coverageSchema":"1a1c01bbd47fc00a2c39e90264f33305004495a9","hash":"9997e2e1958b12866c7409da3637e805c6ba5dba"}
,"C:\\Users\\nourk\\devops_nour\\my_app\\dashboard\\controllers\\userController.js": {"path":"C:\\Users\\nourk\\devops_nour\\my_app\\dashboard\\controllers\\userController.js","statementMap":{"0":{"start":{"line":1,"column":19},"end":{"line":1,"column":49}},"1":{"start":{"line":3,"column":0},"end":{"line":6,"column":2}},"2":{"start":{"line":4,"column":16},"end":{"line":4,"column":44}},"3":{"start":{"line":5,"column":2},"end":{"line":5,"column":18}},"4":{"start":{"line":8,"column":0},"end":{"line":13,"column":2}},"5":{"start":{"line":9,"column":17},"end":{"line":9,"column":27}},"6":{"start":{"line":10,"column":15},"end":{"line":10,"column":62}},"7":{"start":{"line":11,"column":2},"end":{"line":11,"column":70}},"8":{"start":{"line":11,"column":13},"end":{"line":11,"column":70}},"9":{"start":{"line":12,"column":2},"end":{"line":12,"column":17}}},"fnMap":{"0":{"name":"(anonymous_0)","decl":{"start":{"line":3,"column":22},"end":{"line":3,"column":23}},"loc":{"start":{"line":3,"column":42},"end":{"line":6,"column":1}},"line":3},"1":{"name":"(anonymous_1)","decl":{"start":{"line":8,"column":22},"end":{"line":8,"column":23}},"loc":{"start":{"line":8,"column":42},"end":{"line":13,"column":1}},"line":8}},"branchMap":{"0":{"loc":{"start":{"line":11,"column":2},"end":{"line":11,"column":70}},"type":"if","locations":[{"start":{"line":11,"column":2},"end":{"line":11,"column":70}},{"start":{},"end":{}}],"line":11}},"s":{"0":1,"1":1,"2":1,"3":1,"4":1,"5":2,"6":2,"7":2,"8":1,"9":1},"f":{"0":1,"1":2},"b":{"0":[1,1]},"_coverageSchema":"1a1c01bbd47fc00a2c39e90264f33305004495a9","hash":"2af839fa108aa4e57bf3d5044c248437b6f46e0a"}
,"C:\\Users\\nourk\\devops_nour\\my_app\\dashboard\\routes\\authRoutes.js": {"path":"C:\\Users\\nourk\\devops_nour\\my_app\\dashboard\\routes\\authRoutes.js","statementMap":{"0":{"start":{"line":1,"column":16},"end":{"line":1,"column":34}},"1":{"start":{"line":2,"column":18},"end":{"line":2,"column":58}},"2":{"start":{"line":4,"column":15},"end":{"line":4,"column":31}},"3":{"start":{"line":6,"column":0},"end":{"line":6,"column":29}},"4":{"start":{"line":8,"column":0},"end":{"line":8,"column":24}}},"fnMap":{},"branchMap":{},"s":{"0":1,"1":1,"2":1,"3":1,"4":1},"f":{},"b":{},"_coverageSchema":"1a1c01bbd47fc00a2c39e90264f33305004495a9","hash":"6b3d5e58f9e328df2f153211a698d43d5ccc7a50"}
,"C:\\Users\\nourk\\devops_nour\\my_app\\dashboard\\routes\\leaveRoutes.js": {"path":"C:\\Users\\nourk\\devops_nour\\my_app\\dashboard\\routes\\leaveRoutes.js","statementMap":{"0":{"start":{"line":1,"column":16},"end":{"line":1,"column":34}},"1":{"start":{"line":6,"column":4},"end":{"line":6,"column":45}},"2":{"start":{"line":8,"column":15},"end":{"line":8,"column":31}},"3":{"start":{"line":10,"column":0},"end":{"line":10,"column":37}},"4":{"start":{"line":11,"column":0},"end":{"line":11,"column":37}},"5":{"start":{"line":12,"column":0},"end":{"line":12,"column":48}},"6":{"start":{"line":14,"column":0},"end":{"line":14,"column":24}}},"fnMap":{},"branchMap":{},"s":{"0":1,"1":1,"2":1,"3":1,"4":1,"5":1,"6":1},"f":{},"b":{},"_coverageSchema":"1a1c01bbd47fc00a2c39e90264f33305004495a9","hash":"a686826963e1042f5654c5e3106548e78862880c"}
,"C:\\Users\\nourk\\devops_nour\\my_app\\dashboard\\routes\\notificationRoutes.js": {"path":"C:\\Users\\nourk\\devops_nour\\my_app\\dashboard\\routes\\notificationRoutes.js","statementMap":{"0":{"start":{"line":1,"column":16},"end":{"line":1,"column":34}},"1":{"start":{"line":5,"column":4},"end":{"line":5,"column":52}},"2":{"start":{"line":7,"column":15},"end":{"line":7,"column":31}},"3":{"start":{"line":9,"column":0},"end":{"line":9,"column":45}},"4":{"start":{"line":10,"column":0},"end":{"line":10,"column":38}},"5":{"start":{"line":12,"column":0},"end":{"line":12,"column":24}}},"fnMap":{},"branchMap":{},"s":{"0":1,"1":1,"2":1,"3":1,"4":1,"5":1},"f":{},"b":{},"_coverageSchema":"1a1c01bbd47fc00a2c39e90264f33305004495a9","hash":"91e815938d076c4876ad05e3c54280409664bbc9"}
,"C:\\Users\\nourk\\devops_nour\\my_app\\dashboard\\routes\\userRoutes.js": {"path":"C:\\Users\\nourk\\devops_nour\\my_app\\dashboard\\routes\\userRoutes.js","statementMap":{"0":{"start":{"line":1,"column":16},"end":{"line":1,"column":34}},"1":{"start":{"line":2,"column":37},"end":{"line":2,"column":77}},"2":{"start":{"line":4,"column":15},"end":{"line":4,"column":31}},"3":{"start":{"line":6,"column":0},"end":{"line":6,"column":29}},"4":{"start":{"line":7,"column":0},"end":{"line":7,"column":32}},"5":{"start":{"line":9,"column":0},"end":{"line":9,"column":24}}},"fnMap":{},"branchMap":{},"s":{"0":1,"1":1,"2":1,"3":1,"4":1,"5":1},"f":{},"b":{},"_coverageSchema":"1a1c01bbd47fc00a2c39e90264f33305004495a9","hash":"0910cef880d16ba84dbb49591379a2a986ad58cd"}
}
