TN:
SF:index.js
FN:22,(anonymous_0)
FN:23,(anonymous_1)
FN:37,(anonymous_2)
FN:43,(anonymous_3)
FNF:4
FNH:0
FNDA:0,(anonymous_0)
FNDA:0,(anonymous_1)
FNDA:0,(anonymous_2)
FNDA:0,(anonymous_3)
DA:1,1
DA:2,1
DA:4,1
DA:6,1
DA:7,1
DA:8,1
DA:9,1
DA:11,1
DA:13,1
DA:15,1
DA:16,1
DA:17,1
DA:19,1
DA:20,0
DA:22,0
DA:23,0
DA:25,1
DA:27,1
DA:28,1
DA:29,1
DA:30,1
DA:32,1
DA:34,1
DA:35,0
DA:37,0
DA:38,0
DA:42,1
DA:43,0
DA:44,0
DA:47,1
LF:30
LH:22
BRDA:19,0,0,0
BRDA:19,0,1,1
BRDA:34,1,0,0
BRDA:34,1,1,1
BRDA:42,2,0,0
BRDA:42,2,1,1
BRF:6
BRH:3
end_of_record
TN:
SF:dashboard\controllers\authController.js
FN:4,(anonymous_0)
FNF:1
FNH:0
FNDA:0,(anonymous_0)
DA:1,1
DA:2,1
DA:4,1
DA:5,0
DA:7,0
DA:8,0
DA:10,0
DA:16,0
LF:8
LH:3
BRDA:8,0,0,0
BRDA:8,0,1,0
BRF:2
BRH:0
end_of_record
TN:
SF:dashboard\controllers\leaveController.js
FN:3,(anonymous_0)
FN:13,(anonymous_1)
FN:29,(anonymous_2)
FNF:3
FNH:0
FNDA:0,(anonymous_0)
FNDA:0,(anonymous_1)
FNDA:0,(anonymous_2)
DA:1,1
DA:3,1
DA:4,0
DA:10,0
DA:13,1
DA:14,0
DA:16,0
DA:26,0
DA:29,1
DA:30,0
DA:31,0
DA:33,0
DA:34,0
DA:37,0
DA:48,0
LF:15
LH:4
BRDA:33,0,0,0
BRDA:33,0,1,0
BRF:2
BRH:0
end_of_record
TN:
SF:dashboard\controllers\notificationController.js
FN:3,(anonymous_0)
FN:12,(anonymous_1)
FNF:2
FNH:0
FNDA:0,(anonymous_0)
FNDA:0,(anonymous_1)
DA:1,1
DA:3,1
DA:4,0
DA:5,0
DA:9,0
DA:12,1
DA:13,0
DA:14,0
DA:18,0
LF:9
LH:3
BRF:0
BRH:0
end_of_record
TN:
SF:dashboard\controllers\userController.js
FN:3,(anonymous_0)
FN:8,(anonymous_1)
FNF:2
FNH:2
FNDA:1,(anonymous_0)
FNDA:2,(anonymous_1)
DA:1,1
DA:3,1
DA:4,1
DA:5,1
DA:8,1
DA:9,2
DA:10,2
DA:11,2
DA:12,1
LF:9
LH:9
BRDA:11,0,0,1
BRDA:11,0,1,1
BRF:2
BRH:2
end_of_record
TN:
SF:dashboard\routes\authRoutes.js
FNF:0
FNH:0
DA:1,1
DA:2,1
DA:4,1
DA:6,1
DA:8,1
LF:5
LH:5
BRF:0
BRH:0
end_of_record
TN:
SF:dashboard\routes\leaveRoutes.js
FNF:0
FNH:0
DA:1,1
DA:6,1
DA:8,1
DA:10,1
DA:11,1
DA:12,1
DA:14,1
LF:7
LH:7
BRF:0
BRH:0
end_of_record
TN:
SF:dashboard\routes\notificationRoutes.js
FNF:0
FNH:0
DA:1,1
DA:5,1
DA:7,1
DA:9,1
DA:10,1
DA:12,1
LF:6
LH:6
BRF:0
BRH:0
end_of_record
TN:
SF:dashboard\routes\userRoutes.js
FNF:0
FNH:0
DA:1,1
DA:2,1
DA:4,1
DA:6,1
DA:7,1
DA:9,1
LF:6
LH:6
BRF:0
BRH:0
end_of_record
