TN:
SF:index.js
FN:29,(anonymous_0)
FN:30,(anonymous_1)
FN:46,(anonymous_2)
FN:56,(anonymous_3)
FN:62,(anonymous_4)
FNF:5
FNH:0
FNDA:0,(anonymous_0)
FNDA:0,(anonymous_1)
FNDA:0,(anonymous_2)
FNDA:0,(anonymous_3)
FNDA:0,(anonymous_4)
DA:1,4
DA:2,4
DA:3,4
DA:9,4
DA:11,4
DA:13,4
DA:14,4
DA:15,4
DA:16,4
DA:18,4
DA:20,4
DA:22,4
DA:23,4
DA:24,4
DA:26,4
DA:27,0
DA:29,0
DA:30,0
DA:32,4
DA:34,4
DA:35,4
DA:36,4
DA:37,4
DA:39,4
DA:40,4
DA:43,4
DA:46,4
DA:47,0
DA:48,0
DA:51,4
DA:53,4
DA:54,0
DA:56,0
DA:57,0
DA:61,4
DA:62,0
DA:63,0
DA:66,4
LF:38
LH:28
BRDA:26,0,0,0
BRDA:26,0,1,4
BRDA:53,1,0,0
BRDA:53,1,1,4
BRDA:61,2,0,0
BRDA:61,2,1,4
BRF:6
BRH:3
end_of_record
TN:
SF:dashboard\controllers\authController.js
FN:9,(anonymous_0)
FNF:1
FNH:1
FNDA:3,(anonymous_0)
DA:1,4
DA:2,4
DA:7,4
DA:9,4
DA:10,3
DA:12,3
DA:13,3
DA:14,1
DA:15,1
DA:18,2
DA:19,2
DA:20,1
DA:21,1
DA:24,1
DA:34,1
DA:36,1
LF:16
LH:16
BRDA:13,0,0,1
BRDA:13,0,1,2
BRDA:19,1,0,1
BRDA:19,1,1,1
BRF:4
BRH:4
end_of_record
TN:
SF:dashboard\controllers\leaveController.js
FN:4,logAction
FN:16,createNotification
FN:26,(anonymous_2)
FN:39,(anonymous_3)
FN:68,(anonymous_4)
FN:95,(anonymous_5)
FN:170,(anonymous_6)
FN:223,(anonymous_7)
FN:267,(anonymous_8)
FNF:9
FNH:5
FNDA:2,logAction
FNDA:3,createNotification
FNDA:1,(anonymous_2)
FNDA:0,(anonymous_3)
FNDA:0,(anonymous_4)
FNDA:2,(anonymous_5)
FNDA:2,(anonymous_6)
FNDA:0,(anonymous_7)
FNDA:0,(anonymous_8)
DA:1,4
DA:5,2
DA:17,3
DA:26,4
DA:27,1
DA:29,1
DA:30,1
DA:32,1
DA:34,0
DA:35,1
DA:36,1
DA:37,1
DA:39,1
DA:40,0
DA:45,1
DA:58,0
DA:60,0
DA:68,0
DA:70,0
DA:84,0
DA:87,1
DA:89,0
DA:90,0
DA:95,4
DA:96,2
DA:98,2
DA:99,1
DA:102,1
DA:103,1
DA:117,1
DA:118,0
DA:121,1
DA:122,0
DA:127,1
DA:128,0
DA:133,1
DA:145,1
DA:152,1
DA:157,1
DA:162,1
DA:164,0
DA:165,0
DA:170,4
DA:171,2
DA:172,2
DA:173,2
DA:175,2
DA:176,1
DA:179,1
DA:180,1
DA:187,1
DA:188,0
DA:192,1
DA:193,0
DA:198,1
DA:209,1
DA:210,1
DA:215,1
DA:217,0
DA:218,0
DA:223,4
DA:224,0
DA:225,0
DA:227,0
DA:228,0
DA:231,0
DA:232,0
DA:236,0
DA:237,0
DA:240,0
DA:247,0
DA:254,0
DA:259,0
DA:261,0
DA:262,0
DA:267,4
DA:268,0
DA:269,0
DA:279,0
DA:281,0
DA:282,0
LF:81
LH:44
BRDA:32,0,0,0
BRDA:32,0,1,1
BRDA:35,1,0,1
BRDA:35,1,1,0
BRDA:58,2,0,0
BRDA:58,2,1,0
BRDA:98,3,0,1
BRDA:98,3,1,1
BRDA:98,4,0,2
BRDA:98,4,1,1
BRDA:98,4,2,1
BRDA:98,4,3,1
BRDA:98,4,4,1
BRDA:117,5,0,0
BRDA:117,5,1,1
BRDA:121,6,0,0
BRDA:121,6,1,1
BRDA:127,7,0,0
BRDA:127,7,1,1
BRDA:175,8,0,1
BRDA:175,8,1,1
BRDA:187,9,0,0
BRDA:187,9,1,1
BRDA:192,10,0,0
BRDA:192,10,1,1
BRDA:227,11,0,0
BRDA:227,11,1,0
BRDA:236,12,0,0
BRDA:236,12,1,0
BRF:29
BRH:16
end_of_record
TN:
SF:dashboard\controllers\notificationController.js
FN:3,(anonymous_0)
FN:12,(anonymous_1)
FNF:2
FNH:0
FNDA:0,(anonymous_0)
FNDA:0,(anonymous_1)
DA:1,4
DA:3,4
DA:4,0
DA:5,0
DA:9,0
DA:12,4
DA:13,0
DA:14,0
DA:18,0
LF:9
LH:3
BRF:0
BRH:0
end_of_record
TN:
SF:dashboard\controllers\userController.js
FN:3,(anonymous_0)
FN:8,(anonymous_1)
FNF:2
FNH:2
FNDA:1,(anonymous_0)
FNDA:2,(anonymous_1)
DA:1,4
DA:3,4
DA:4,1
DA:5,1
DA:8,4
DA:9,2
DA:10,2
DA:11,2
DA:12,1
LF:9
LH:9
BRDA:11,0,0,1
BRDA:11,0,1,1
BRF:2
BRH:2
end_of_record
TN:
SF:dashboard\metrics\loginMetrics.js
FNF:0
FNH:0
DA:2,4
DA:4,4
DA:9,4
DA:14,4
DA:19,4
LF:5
LH:5
BRF:0
BRH:0
end_of_record
TN:
SF:dashboard\middleware\authMiddleware.js
FN:3,(anonymous_0)
FN:17,(anonymous_1)
FN:17,(anonymous_2)
FNF:3
FNH:3
FNDA:4,(anonymous_0)
FNDA:6,(anonymous_1)
FNDA:2,(anonymous_2)
DA:1,3
DA:3,3
DA:4,4
DA:5,4
DA:7,3
DA:8,3
DA:9,3
DA:10,2
DA:11,2
DA:13,1
DA:17,6
DA:18,2
DA:19,1
DA:21,1
DA:24,3
LF:15
LH:15
BRDA:5,0,0,1
BRDA:5,0,1,3
BRDA:18,1,0,1
BRDA:18,1,1,1
BRF:4
BRH:4
end_of_record
TN:
SF:dashboard\middleware\upload.js
FN:5,(anonymous_0)
FN:8,(anonymous_1)
FNF:2
FNH:0
FNDA:0,(anonymous_0)
FNDA:0,(anonymous_1)
DA:1,4
DA:2,4
DA:4,4
DA:6,0
DA:9,0
DA:10,0
DA:14,4
DA:15,4
LF:8
LH:5
BRF:0
BRH:0
end_of_record
TN:
SF:dashboard\routes\authRoutes.js
FNF:0
FNH:0
DA:1,4
DA:2,4
DA:4,4
DA:6,4
DA:8,4
LF:5
LH:5
BRF:0
BRH:0
end_of_record
TN:
SF:dashboard\routes\leaveRoutes.js
FNF:0
FNH:0
DA:1,4
DA:8,4
DA:10,4
DA:12,4
DA:14,4
DA:16,4
DA:17,4
DA:18,4
DA:19,4
DA:25,4
DA:27,4
LF:11
LH:11
BRF:0
BRH:0
end_of_record
TN:
SF:dashboard\routes\notificationRoutes.js
FNF:0
FNH:0
DA:1,4
DA:5,4
DA:7,4
DA:9,4
DA:10,4
DA:12,4
LF:6
LH:6
BRF:0
BRH:0
end_of_record
TN:
SF:dashboard\routes\protected.js
FN:6,(anonymous_0)
FNF:1
FNH:1
FNDA:1,(anonymous_0)
DA:1,4
DA:2,4
DA:4,4
DA:6,4
DA:7,1
DA:10,4
LF:6
LH:6
BRF:0
BRH:0
end_of_record
TN:
SF:dashboard\routes\userRoutes.js
FNF:0
FNH:0
DA:1,4
DA:2,4
DA:4,4
DA:6,4
DA:7,4
DA:9,4
LF:6
LH:6
BRF:0
BRH:0
end_of_record
TN:
SF:prisma\prisma.js
FNF:0
FNH:0
DA:1,1
DA:3,1
DA:5,1
LF:3
LH:3
BRF:0
BRH:0
end_of_record
